2022-04-05 03:59:38:5938 [error] This is an error log
2022-04-05 03:59:38:5938 [warn] This is a warn log
2022-04-05 03:59:38:5938 [info] This is a info log
2022-04-05 03:59:38:5938 [debug] This is a debug log
2022-04-05 03:59:38:5938 [error] This is an error log
2022-04-05 03:59:38:5938 [warn] This is a warn log
2022-04-05 03:59:38:5938 [info] This is a info log
2022-04-05 03:59:38:5938 [debug] This is a debug log
2022-04-05 04:04:37:437 [error] This is an error log
2022-04-05 04:04:37:437 [warn] This is a warn log
2022-04-05 04:04:37:437 [info] This is a info log
2022-04-05 04:04:37:437 [api] This is a api log
2022-04-05 04:04:37:437 [debug] This is a debug log
2022-04-05 04:16:06:166 [error] Error occurred while connecting to the database getaddrinfo EAI_AGAIN undefined
2022-04-05 04:24:22:2422 [error] Error occurred while connecting to the database bad auth : Authentication failed.
2022-04-05 04:25:03:253 [error] Error occurred while connecting to the database bad auth : Authentication failed.
2022-04-05 04:28:13:2813 [error] Error occurred while connecting to the database bad auth : Authentication failed.
2022-04-05 04:30:40:3040 [error] Error occurred while connecting to the database bad auth : Authentication failed.
2022-04-05 04:31:26:3126 [error] Error occurred while connecting to the database connect ECONNREFUSED 127.0.0.1:27017
2022-04-05 04:32:37:3237 [info] Successfully connected to the database
2022-04-05 04:33:40:3340 [info] Successfully connected to the database
2022-04-05 04:33:53:3353 [info] Successfully connected to the database
2022-04-05 04:34:20:3420 [info] Successfully connected to the database
2022-04-05 04:35:17:3517 [info] Successfully connected to the database
2022-04-05 04:35:29:3529 [info] Successfully connected to the database
2022-04-05 04:36:01:361 [info] Successfully connected to the database
2022-04-05 04:37:59:3759 [info] Successfully connected to the database
2022-04-05 04:38:04:384 [info] Successfully connected to the database
2022-04-05 04:40:15:4015 [info] Successfully connected to the database
2022-04-05 04:40:56:4056 [info] Successfully connected to the database
2022-04-05 04:43:30:4330 [info] Successfully connected to the database
2022-04-05 04:43:49:4349 [info] Successfully connected to the database
2022-04-05 04:44:36:4436 [info] Successfully connected to the database
2022-04-05 04:45:27:4527 [info] Successfully connected to the database
2022-04-05 04:45:51:4551 [info] Successfully connected to the database
2022-04-05 04:47:20:4720 [info] Successfully connected to the database
2022-04-05 04:56:30:5630 [info] Successfully connected to the database
2022-04-05 05:49:20:4920 [info] Successfully connected to the database
2022-04-05 05:50:32:5032 [info] Successfully connected to the database
2022-04-05 05:50:49:5049 [info] Successfully connected to the database
2022-04-05 05:51:09:519 [info] Successfully connected to the database
2022-04-05 05:51:35:5135 [info] Successfully connected to the database
2022-04-05 05:51:51:5151 [info] Successfully connected to the database
2022-04-05 05:52:19:5219 [info] Successfully connected to the database
2022-04-05 05:52:41:5241 [info] Successfully connected to the database
2022-04-05 05:52:52:5252 [info] Successfully connected to the database
2022-04-05 05:53:41:5341 [info] Successfully connected to the database
2022-04-05 05:53:44:5344 [info] Successfully connected to the database
2022-04-05 05:54:14:5414 [info] Successfully connected to the database
2022-04-05 05:57:16:5716 [info] Successfully connected to the database
2022-04-05 05:58:45:5845 [error] Cast to ObjectId failed for value "1" (type string) at path "_id" for model "User" : undefined
2022-04-05 05:59:36:5936 [info] Successfully connected to the database
2022-04-05 05:59:48:5948 [info] Successfully connected to the database
2022-04-05 06:00:44:044 [info] Successfully connected to the database
2022-04-05 06:02:41:241 [info] Successfully connected to the database
2022-04-05 06:04:18:418 [error] User with email chrishouns21@gmail.com already exists : null
2022-04-05 06:32:55:3255 [info] Successfully connected to the database
2022-04-05 06:33:51:3351 [info] Successfully connected to the database
2022-04-05 06:35:20:3520 [info] Successfully connected to the database
2022-04-05 06:36:18:3618 [info] Successfully connected to the database
2022-04-05 06:49:57:4957 [info] Successfully connected to the database
2022-04-05 06:50:28:5028 [info] Successfully connected to the database
2022-04-05 06:53:02:532 [info] Successfully connected to the database
2022-04-05 06:54:09:549 [error] Request body validation failed : "email" must be a valid email
2022-04-05 06:54:09:549 [error] Validation failed : "email" must be a valid email
2022-04-05 07:01:06:16 [info] Successfully connected to the database
2022-04-05 07:02:46:246 [info] Successfully connected to the database
2022-04-05 07:03:01:31 [info] Successfully connected to the database
2022-04-05 07:04:17:417 [info] Successfully connected to the database
2022-04-05 07:06:59:659 [info] Successfully connected to the database
2022-04-05 07:11:51:1151 [info] Successfully connected to the database
2022-04-05 07:18:14:1814 [info] Successfully connected to the database
2022-04-05 07:21:26:2126 [error] Authentication failed : Incorrect username or password
2022-04-05 07:23:48:2348 [info] Successfully connected to the database
2022-04-05 07:24:12:2412 [info] Successfully connected to the database
2022-04-05 07:26:31:2631 [info] Successfully connected to the database
2022-04-05 08:06:31:631 [info] Server started running on port 3300
2022-04-05 08:06:31:631 [info] Successfully connected to the database
2022-04-05 08:08:30:830 [info] Server started running on port 3300
2022-04-05 08:08:30:830 [info] Successfully connected to the database
2022-04-05 08:42:59:4259 [info] Server started running on port 3300
2022-04-05 08:42:59:4259 [info] Successfully connected to the database
2022-04-05 08:49:13:4913 [info] Server started running on port 3300
2022-04-05 08:49:13:4913 [info] Successfully connected to the database
2022-04-05 08:49:28:4928 [info] Server started running on port 3300
2022-04-05 08:49:28:4928 [info] Successfully connected to the database
2022-04-05 08:49:38:4938 [info] Server started running on port 3300
2022-04-05 08:49:38:4938 [info] Successfully connected to the database
2022-04-05 08:50:13:5013 [info] Server started running on port 3300
2022-04-05 08:50:13:5013 [info] Successfully connected to the database
2022-04-05 08:50:38:5038 [info] Server started running on port 3300
2022-04-05 08:50:38:5038 [info] Successfully connected to the database
2022-04-05 08:52:01:521 [info] Server started running on port 3300
2022-04-05 08:52:01:521 [info] Successfully connected to the database
2022-04-05 08:52:23:5223 [info] Server started running on port 3300
2022-04-05 08:52:23:5223 [info] Successfully connected to the database
2022-04-05 08:52:48:5248 [info] Server started running on port 3300
2022-04-05 08:52:48:5248 [info] Successfully connected to the database
2022-04-05 08:53:03:533 [info] Server started running on port 3300
2022-04-05 08:53:03:533 [info] Successfully connected to the database
2022-04-05 08:53:28:5328 [info] Server started running on port 3300
2022-04-05 08:53:28:5328 [info] Successfully connected to the database
2022-04-05 08:53:33:5333 [info] Server started running on port 3300
2022-04-05 08:53:33:5333 [info] Successfully connected to the database
2022-04-05 08:54:08:548 [info] Server started running on port 3300
2022-04-05 08:54:08:548 [info] Successfully connected to the database
2022-04-05 08:55:27:5527 [info] Server started running on port 3300
2022-04-05 08:55:27:5527 [info] Successfully connected to the database
2022-04-05 08:55:40:5540 [info] Server started running on port 3300
2022-04-05 08:55:40:5540 [info] Successfully connected to the database
2022-04-05 08:56:58:5658 [info] Server started running on port 3300
2022-04-05 08:56:59:5659 [info] Successfully connected to the database
2022-04-05 08:59:07:597 [info] Server started running on port 3300
2022-04-05 08:59:07:597 [info] Successfully connected to the database
2022-04-05 08:59:16:5916 [info] Server started running on port 3300
2022-04-05 08:59:16:5916 [info] Successfully connected to the database
2022-04-05 09:00:22:022 [info] Server started running on port 3300
2022-04-05 09:00:22:022 [info] Successfully connected to the database
2022-04-05 09:11:26:1126 [info] Server started running on port 3300
2022-04-05 09:11:26:1126 [info] Successfully connected to the database
2022-04-05 09:11:34:1134 [info] Server started running on port 3300
2022-04-05 09:11:34:1134 [info] Successfully connected to the database
2022-04-05 09:11:44:1144 [info] Server started running on port 3300
2022-04-05 09:11:44:1144 [info] Successfully connected to the database
2022-04-05 09:12:25:1225 [info] Server started running on port 3300
2022-04-05 09:12:25:1225 [info] Successfully connected to the database
2022-04-05 09:13:22:1322 [info] Server started running on port 3300
2022-04-05 09:13:22:1322 [info] Successfully connected to the database
2022-04-05 09:14:09:149 [info] Server started running on port 3300
2022-04-05 09:14:09:149 [info] Successfully connected to the database
2022-04-05 09:16:01:161 [info] Server started running on port 3300
2022-04-05 09:16:01:161 [info] Successfully connected to the database
2022-04-05 09:16:12:1612 [info] Server started running on port 3300
2022-04-05 09:16:12:1612 [info] Successfully connected to the database
2022-04-05 09:17:28:1728 [info] Server started running on port 3300
2022-04-05 09:17:28:1728 [info] Successfully connected to the database
2022-04-05 09:18:25:1825 [info] Server started running on port 3300
2022-04-05 09:18:25:1825 [info] Successfully connected to the database
2022-04-05 09:19:31:1931 [info] Server started running on port 3300
2022-04-05 09:19:31:1931 [info] Successfully connected to the database
2022-04-05 09:19:55:1955 [info] Server started running on port 3300
2022-04-05 09:19:55:1955 [info] Successfully connected to the database
2022-04-05 09:21:51:2151 [info] Server started running on port 3300
2022-04-05 09:21:51:2151 [info] Successfully connected to the database
2022-04-05 09:22:46:2246 [info] Server started running on port 3300
2022-04-05 09:22:46:2246 [info] Successfully connected to the database
2022-04-05 09:23:51:2351 [info] Server started running on port 3300
2022-04-05 09:23:51:2351 [info] Successfully connected to the database
2022-04-05 09:24:08:248 [info] Server started running on port 3300
2022-04-05 09:24:08:248 [info] Successfully connected to the database
2022-04-05 09:25:07:257 [info] Server started running on port 3300
2022-04-05 09:25:07:257 [info] Successfully connected to the database
2022-04-05 09:25:11:2511 [info] Server started running on port 3300
2022-04-05 09:25:11:2511 [info] Successfully connected to the database
2022-04-05 09:28:26:2826 [info] Server started running on port 3300
2022-04-05 09:28:26:2826 [info] Successfully connected to the database
2022-04-05 09:33:56:3356 [error] Authorization failed : User is not authorized to perform /api/v1/rents
2022-04-05 09:33:56:3356 [api] POST /api/v1/rents 403 - 34.473 ms

2022-04-05 09:34:25:3425 [api] POST /api/v1/users/login 200 - 13.275 ms

2022-04-05 09:34:59:3459 [error] Authorization failed : User is not authorized to perform /api/v1/rents
2022-04-05 09:34:59:3459 [api] POST /api/v1/rents 403 - 4.182 ms

2022-04-05 09:37:46:3746 [info] Server started running on port 3300
2022-04-05 09:37:46:3746 [info] Successfully connected to the database
2022-04-05 09:37:48:3748 [error] Authorization failed : User is not authorized to perform /api/v1/rents
2022-04-05 09:37:48:3748 [api] POST /api/v1/rents 403 - 19.970 ms

2022-04-05 09:37:50:3750 [error] Authorization failed : User is not authorized to perform /api/v1/rents
2022-04-05 09:37:50:3750 [api] POST /api/v1/rents 403 - 4.971 ms

2022-04-05 09:38:18:3818 [info] Server started running on port 3300
2022-04-05 09:38:18:3818 [info] Successfully connected to the database
2022-04-05 09:38:25:3825 [info] Server started running on port 3300
2022-04-05 09:38:25:3825 [info] Successfully connected to the database
2022-04-05 09:38:25:3825 [error] Schema hasn't been registered for model "user".
Use mongoose.model(name, schema) : undefined
2022-04-05 09:38:26:3826 [api] POST /api/v1/rents 500 - 133.817 ms

2022-04-05 09:41:48:4148 [info] Server started running on port 3300
2022-04-05 09:41:48:4148 [info] Successfully connected to the database
2022-04-05 09:42:29:4229 [info] Server started running on port 3300
2022-04-05 09:42:29:4229 [info] Successfully connected to the database
2022-04-05 09:42:32:4232 [api] POST /api/v1/rents 201 - 62.840 ms

2022-04-05 09:45:14:4514 [info] Server started running on port 3300
2022-04-05 09:45:14:4514 [info] Successfully connected to the database
2022-04-05 09:45:59:4559 [info] Server started running on port 3300
2022-04-05 09:45:59:4559 [info] Successfully connected to the database
2022-04-05 09:46:49:4649 [api] POST /api/v1/users/signup 201 - 29.275 ms

2022-04-05 09:47:34:4734 [api] POST /api/v1/rents 201 - 15.559 ms

2022-04-05 09:48:03:483 [info] Server started running on port 3300
2022-04-05 09:48:03:483 [info] Successfully connected to the database
2022-04-05 09:49:18:4918 [error] Request body validation failed : "monthly_plan_pay" must be a number
2022-04-05 09:49:18:4918 [error] Request url parameters validation failed : "id" is required
2022-04-05 09:49:18:4918 [error] Validation failed : "monthly_plan_pay" must be a number
2022-04-05 09:49:18:4918 [api] PATCH /api/v1/rents/624c48766f8c3cd7a4ff25e0 400 - 26.172 ms

2022-04-05 09:50:39:5039 [info] Server started running on port 3300
2022-04-05 09:50:39:5039 [info] Successfully connected to the database
2022-04-05 09:51:27:5127 [error] Request body validation failed : "acc_status" is not allowed
2022-04-05 09:51:27:5127 [error] Request url parameters validation failed : "id" is required
2022-04-05 09:51:27:5127 [error] Validation failed : "acc_status" is not allowed
2022-04-05 09:51:27:5127 [api] PATCH /api/v1/rents/624c48766f8c3cd7a4ff25e0 400 - 26.256 ms

2022-04-05 09:51:52:5152 [error] Request body validation failed : "salary" is not allowed
2022-04-05 09:51:52:5152 [error] Request url parameters validation failed : "id" is required
2022-04-05 09:51:52:5152 [error] Validation failed : "salary" is not allowed
2022-04-05 09:51:52:5152 [api] PATCH /api/v1/rents/624c48766f8c3cd7a4ff25e0 400 - 4.723 ms

2022-04-05 09:52:06:526 [api] PATCH /api/v1/rents/624c48766f8c3cd7a4ff25e0 200 - 1434.279 ms

2022-04-05 09:52:21:5221 [api] PATCH /api/v1/rents/624c48766f8c3cd7a4ff25e0 200 - 10.318 ms

2022-04-05 10:20:30:2030 [info] Server started running on port 3300
2022-04-05 10:20:30:2030 [info] Successfully connected to the database
2022-04-05 10:20:44:2044 [info] Server started running on port 3300
2022-04-05 10:20:44:2044 [info] Successfully connected to the database
2022-04-05 10:37:17:3717 [info] Server started running on port 3300
2022-04-05 10:37:47:3747 [error] Error occurred while connecting to the database connect ECONNREFUSED 127.0.0.1:27017
2022-04-05 10:47:10:4710 [info] Server started running on port 3300
2022-04-05 10:47:15:4715 [info] Server started running on port 3300
2022-04-05 10:47:45:4745 [error] Error occurred while connecting to the database connect ECONNREFUSED 127.0.0.1:27017
2022-04-05 10:48:40:4840 [info] Server started running on port 3300
2022-04-05 10:49:10:4910 [error] Error occurred while connecting to the database connect ECONNREFUSED 127.0.0.1:27017
2022-04-05 10:49:56:4956 [info] Server started running on port 3300
2022-04-05 10:50:20:5020 [info] Server started running on port 3300
2022-04-05 10:50:50:5050 [error] Error occurred while connecting to the database connect ECONNREFUSED 127.0.0.1:27017
2022-04-05 11:02:08:28 [info] Server started running on port 3300
2022-04-05 11:02:38:238 [error] Error occurred while connecting to the database connect ECONNREFUSED 127.0.0.1:27017
2022-04-05 11:34:46:3446 [info] Server started running on port 3300
2022-04-05 11:34:51:3451 [info] Server started running on port 3300
2022-04-05 11:35:16:3516 [info] Server started running on port 3300
2022-04-05 11:35:46:3546 [error] Error occurred while connecting to the database connect ECONNREFUSED 127.0.0.1:27017
2022-04-05 11:36:39:3639 [info] Server started running on port 3300
2022-04-05 11:37:09:379 [error] Error occurred while connecting to the database connect ECONNREFUSED 127.0.0.1:27017
2022-04-05 11:37:25:3725 [info] Server started running on port 3300
2022-04-05 11:37:55:3755 [error] Error occurred while connecting to the database connect ECONNREFUSED 127.0.0.1:27017
2022-04-05 11:39:00:390 [info] Server started running on port 3300
2022-04-05 11:39:30:3930 [info] Server started running on port 3300
2022-04-05 11:39:38:3938 [info] Server started running on port 3300
2022-04-05 11:40:08:408 [error] Error occurred while connecting to the database connect ECONNREFUSED 127.0.0.1:27017
2022-04-05 11:41:36:4136 [info] Server started running on port 3300
2022-04-05 11:42:06:426 [error] Error occurred while connecting to the database connect ECONNREFUSED 127.0.0.1:27017
2022-04-05 11:42:30:4230 [info] Server started running on port 3300
2022-04-05 11:43:00:430 [error] Error occurred while connecting to the database connect ECONNREFUSED 127.0.0.1:27017
2022-04-05 11:44:17:4417 [info] Server started running on port 3300
2022-04-05 11:53:57:5357 [info] Server started running on port 3300
2022-04-05 11:54:27:5427 [error] Error occurred while connecting to the database connect ECONNREFUSED 127.0.0.1:27017
2022-04-05 11:54:54:5454 [info] Server started running on port 3300
2022-04-05 11:55:14:5514 [info] Successfully connected to the database
2022-04-05 12:27:25:2725 [api] OPTIONS /api/v1/users/signup 200 - 128.983 ms

2022-04-05 12:39:29:3929 [api] OPTIONS /api/v1/users/signup 200 - 1.239 ms

2022-04-05 13:58:18:5818 [api] OPTIONS /api/v1/users/signup 200 - 0.315 ms

2022-04-05 14:02:56:256 [api] OPTIONS /api/v1/users/signup 200 - 0.467 ms

2022-04-05 14:04:58:458 [info] Server started running on port 3300
2022-04-05 14:04:58:458 [info] Successfully connected to the database
2022-04-05 14:06:31:631 [info] Server started running on port 3300
2022-04-05 14:06:31:631 [info] Successfully connected to the database
2022-04-05 14:07:25:725 [info] Server started running on port 3300
2022-04-05 14:07:25:725 [info] Successfully connected to the database
2022-04-05 14:08:17:817 [info] Server started running on port 3300
2022-04-05 14:08:17:817 [info] Successfully connected to the database
2022-04-05 14:14:43:1443 [info] Server started running on port 3300
2022-04-05 14:14:43:1443 [info] Successfully connected to the database
2022-04-05 14:15:34:1534 [info] Server started running on port 3300
2022-04-05 14:15:34:1534 [info] Successfully connected to the database
2022-04-05 14:25:34:2534 [info] Server started running on port 3300
2022-04-05 14:25:34:2534 [info] Successfully connected to the database
2022-04-05 14:28:39:2839 [info] Server started running on port 3300
2022-04-05 14:28:39:2839 [info] Successfully connected to the database
2022-04-05 14:53:13:5313 [info] Server started running on port 3300
2022-04-05 14:53:13:5313 [info] Successfully connected to the database
2022-04-05 14:53:15:5315 [error] Request body validation failed : "confirm" is not allowed
2022-04-05 14:53:15:5315 [error] Validation failed : "confirm" is not allowed
2022-04-05 14:53:15:5315 [api] POST /api/v1/users/signup 400 - 15.780 ms

2022-04-05 14:53:15:5315 [error] Request body validation failed : "confirm" is not allowed
2022-04-05 14:53:15:5315 [error] Validation failed : "confirm" is not allowed
2022-04-05 14:53:15:5315 [api] POST /api/v1/users/signup 400 - 2.766 ms

2022-04-05 14:53:55:5355 [error] Request body validation failed : "confirm" is not allowed
2022-04-05 14:53:55:5355 [error] Validation failed : "confirm" is not allowed
2022-04-05 14:53:55:5355 [api] POST /api/v1/users/signup 400 - 2.015 ms

2022-04-05 14:57:59:5759 [error] User with email chrishouns21@gmail.com already exists : null
2022-04-05 14:57:59:5759 [api] POST /api/v1/users/signup 400 - 1235.658 ms

2022-04-05 15:01:15:115 [error] User with email chrishouns21@gmail.com already exists : null
2022-04-05 15:01:15:115 [api] POST /api/v1/users/signup 400 - 2.994 ms

2022-04-05 15:02:31:231 [info] Server started running on port 3300
2022-04-05 15:02:31:231 [info] Successfully connected to the database
2022-04-05 15:02:34:234 [error] User with email chrishouns21@gmail.com already exists : null
2022-04-05 15:02:34:234 [api] POST /api/v1/users/signup 400 - 26.156 ms

2022-04-05 15:04:53:453 [info] Server started running on port 3300
2022-04-05 15:04:53:453 [info] Successfully connected to the database
2022-04-05 15:05:00:50 [api] POST /api/v1/users/signup 400 - 20.470 ms

2022-04-05 15:05:55:555 [info] Server started running on port 3300
2022-04-05 15:05:55:555 [info] Successfully connected to the database
2022-04-05 15:05:59:559 [api] POST /api/v1/users/signup 400 - 17.880 ms

2022-04-05 15:05:59:559 [error] User with email chrishouns21@gmail.com already exists : null
2022-04-05 15:06:24:624 [info] Server started running on port 3300
2022-04-05 15:06:24:624 [info] Successfully connected to the database
2022-04-05 15:06:25:625 [api] POST /api/v1/users/signup 500 - 21.580 ms

2022-04-05 15:08:27:827 [api] POST /api/v1/users/signup 500 - 4.469 ms

2022-04-05 15:09:31:931 [api] POST /api/v1/users/signup 500 - 2.440 ms

2022-04-05 15:10:12:1012 [info] Server started running on port 3300
2022-04-05 15:10:12:1012 [info] Successfully connected to the database
2022-04-05 15:10:20:1020 [error] User with email chrishouns21@gmail.com already exists : null
2022-04-05 15:10:20:1020 [api] POST /api/v1/users/signup 400 - 16.743 ms

2022-04-05 15:11:03:113 [error] User with email chrishouns21@gmail.com already exists : null
2022-04-05 15:11:03:113 [api] POST /api/v1/users/signup 400 - 6.997 ms

2022-04-05 15:11:36:1136 [error] User with email chrishouns21@gmail.com already exists : null
2022-04-05 15:11:36:1136 [api] POST /api/v1/users/signup 400 - 3.068 ms

2022-04-05 15:12:24:1224 [error] User with email chrishouns21@gmail.com already exists : null
2022-04-05 15:12:24:1224 [api] POST /api/v1/users/signup 400 - 2.617 ms

2022-04-05 15:14:58:1458 [error] User with email chrishouns21@gmail.com already exists : null
2022-04-05 15:14:58:1458 [api] POST /api/v1/users/signup 400 - 2.771 ms

2022-04-05 15:15:41:1541 [error] User with email chrishouns21@gmail.com already exists : null
2022-04-05 15:15:41:1541 [api] POST /api/v1/users/signup 400 - 2.827 ms

2022-04-05 15:15:41:1541 [error] User with email chrishouns21@gmail.com already exists : null
2022-04-05 15:15:41:1541 [api] POST /api/v1/users/signup 400 - 3.283 ms

2022-04-05 15:18:18:1818 [error] User with email chrishouns21@gmail.com already exists : null
2022-04-05 15:18:18:1818 [api] POST /api/v1/users/signup 400 - 3.327 ms

2022-04-05 15:19:54:1954 [error] User with email chrishouns21@gmail.com already exists : null
2022-04-05 15:19:54:1954 [api] POST /api/v1/users/signup 400 - 4.319 ms

2022-04-05 15:19:57:1957 [error] User with email chrishouns21@gmail.com already exists : null
2022-04-05 15:19:57:1957 [api] POST /api/v1/users/signup 400 - 5.847 ms

2022-04-05 15:20:04:204 [error] User with email chrishouns21@gmail.com already exists : null
2022-04-05 15:20:04:204 [api] POST /api/v1/users/signup 400 - 2.993 ms

2022-04-05 15:20:04:204 [error] User with email chrishouns21@gmail.com already exists : null
2022-04-05 15:20:04:204 [api] POST /api/v1/users/signup 400 - 2.978 ms

2022-04-05 15:21:05:215 [info] Server started running on port 3300
2022-04-05 15:21:05:215 [info] Successfully connected to the database
2022-04-05 15:21:13:2113 [error] User with email chrishouns21@gmail.com already exists : null
2022-04-05 15:21:13:2113 [api] POST /api/v1/users/signup 400 - 19.899 ms

2022-04-05 15:21:13:2113 [error] User with email chrishouns21@gmail.com already exists : null
2022-04-05 15:21:13:2113 [api] POST /api/v1/users/signup 400 - 3.468 ms

2022-04-05 15:21:43:2143 [info] Server started running on port 3300
2022-04-05 15:21:43:2143 [info] Successfully connected to the database
2022-04-05 15:21:43:2143 [error] User with email chrishouns21@gmail.com already exists : null
2022-04-05 15:21:43:2143 [api] POST /api/v1/users/signup 400 - 23.578 ms

2022-04-05 15:21:43:2143 [error] User with email chrishouns21@gmail.com already exists : null
2022-04-05 15:21:43:2143 [api] POST /api/v1/users/signup 400 - 6.178 ms

2022-04-05 15:23:41:2341 [info] Server started running on port 3300
2022-04-05 15:23:41:2341 [info] Successfully connected to the database
2022-04-05 15:27:56:2756 [error] User with email chrishouns21@gmail.com already exists : null
2022-04-05 15:27:56:2756 [api] POST /api/v1/users/signup 400 - 22.617 ms

2022-04-05 15:40:43:4043 [api] POST /api/v1/users/signup 201 - 125.537 ms

2022-04-05 15:40:43:4043 [error] E11000 duplicate key error collection: kwaba_test_api.users index: email_1 dup key: { email: "chriskossi@gmail.com" } : undefined
2022-04-05 15:40:43:4043 [api] POST /api/v1/users/signup 500 - 315.816 ms

2022-04-05 15:41:22:4122 [api] POST /api/v1/users/signup 201 - 11.115 ms

2022-04-05 15:41:22:4122 [error] User with email koko@gmail.com already exists : null
2022-04-05 15:41:22:4122 [api] POST /api/v1/users/signup 400 - 4.519 ms

2022-04-05 15:42:02:422 [api] POST /api/v1/users/signup 201 - 12.189 ms

2022-04-05 15:42:24:4224 [info] Server started running on port 3300
2022-04-05 15:42:24:4224 [info] Successfully connected to the database
2022-04-05 15:42:26:4226 [error] User with email yola@gmail.com already exists : null
2022-04-05 15:42:26:4226 [api] POST /api/v1/users/signup 400 - 99.287 ms

2022-04-05 15:42:40:4240 [api] POST /api/v1/users/signup 201 - 22.813 ms

2022-04-05 15:43:31:4331 [info] Server started running on port 3300
2022-04-05 15:43:31:4331 [info] Successfully connected to the database
2022-04-05 15:55:09:559 [info] Server started running on port 3300
2022-04-05 15:55:09:559 [info] Successfully connected to the database
2022-04-05 15:55:30:5530 [info] Server started running on port 3300
2022-04-05 15:55:30:5530 [info] Successfully connected to the database
2022-04-05 15:56:27:5627 [api] POST /api/v1/users/signup 201 - 32.374 ms

2022-04-05 15:57:55:5755 [error] User with email chrishouns21@gmail.com already exists : null
2022-04-05 15:57:55:5755 [api] POST /api/v1/users/signup 400 - 3.740 ms

2022-04-05 15:57:55:5755 [error] User with email chrishouns21@gmail.com already exists : null
2022-04-05 15:57:55:5755 [api] POST /api/v1/users/signup 400 - 2.635 ms

2022-04-05 15:58:13:5813 [api] POST /api/v1/users/signup 201 - 13.645 ms

2022-04-05 18:27:43:2743 [api] POST /api/v1/users/signup 201 - 51.041 ms

2022-04-05 18:29:48:2948 [api] POST /api/v1/users/signup 201 - 28.563 ms

2022-04-05 18:32:50:3250 [api] POST /api/v1/users/signup 201 - 28.711 ms

2022-04-05 18:33:00:330 [error] User with email chrishouns21@gmail.com already exists : null
2022-04-05 18:33:00:330 [api] POST /api/v1/users/signup 400 - 4.420 ms

2022-04-05 18:34:57:3457 [api] POST /api/v1/users/signup 201 - 41.825 ms

2022-04-05 18:36:11:3611 [api] POST /api/v1/users/signup 201 - 26.048 ms

2022-04-05 18:37:01:371 [api] POST /api/v1/users/signup 201 - 49.122 ms

2022-04-05 18:37:50:3750 [api] POST /api/v1/users/signup 201 - 27.463 ms

2022-04-05 18:48:16:4816 [api] POST /api/v1/users/signup 201 - 30.074 ms

2022-04-05 18:49:08:498 [api] POST /api/v1/users/signup 201 - 29.487 ms

2022-04-05 18:52:34:5234 [api] POST /api/v1/users/signup 201 - 238.648 ms

2022-04-05 18:52:54:5254 [api] POST /api/v1/users/signup 201 - 118.821 ms

2022-04-05 18:56:08:568 [api] POST /api/v1/users/signup 201 - 40.964 ms

2022-04-05 18:56:45:5645 [api] POST /api/v1/users/signup 201 - 769.976 ms

2022-04-05 18:59:40:5940 [api] POST /api/v1/users/signup 201 - 42.415 ms

2022-04-05 18:59:44:5944 [error] User with email chrishouns21@gmail.com already exists : null
2022-04-05 18:59:44:5944 [api] POST /api/v1/users/signup 400 - 2.510 ms

2022-04-05 19:00:19:019 [api] POST /api/v1/users/signup 201 - 27.324 ms

2022-04-05 19:00:56:056 [api] POST /api/v1/users/signup 201 - 69.508 ms

2022-04-05 19:02:00:20 [api] POST /api/v1/users/signup 201 - 1566.880 ms

2022-04-05 19:02:06:26 [error] User with email chrishouns21@gmail.com already exists : null
2022-04-05 19:02:06:26 [api] POST /api/v1/users/signup 400 - 4.904 ms

2022-04-05 19:02:39:239 [api] POST /api/v1/users/signup 201 - 1221.512 ms

2022-04-05 19:02:46:246 [error] User with email chrishouns21@gmail.com already exists : null
2022-04-05 19:02:46:246 [api] POST /api/v1/users/signup 400 - 2.243 ms

2022-04-05 19:09:09:99 [info] Server started running on port 3300
2022-04-05 19:09:09:99 [info] Successfully connected to the database
2022-04-05 19:09:38:938 [api] POST /api/v1/users/signup 201 - 85.131 ms

2022-04-05 19:09:41:941 [error] User with email chrishouns21@gmail.com already exists : null
2022-04-05 19:09:41:941 [api] POST /api/v1/users/signup 400 - 11.151 ms

2022-04-05 19:22:15:2215 [api] POST /api/v1/users/signup 201 - 684.310 ms

2022-04-05 19:22:17:2217 [error] User with email chrishouns21@gmail.com already exists : null
2022-04-05 19:22:17:2217 [api] POST /api/v1/users/signup 400 - 2.688 ms

2022-04-05 19:25:28:2528 [api] POST /api/v1/users/signup 201 - 45.544 ms

2022-04-05 19:25:30:2530 [error] User with email chrishouns21@gmail.com already exists : null
2022-04-05 19:25:30:2530 [api] POST /api/v1/users/signup 400 - 2.467 ms

2022-04-05 19:27:00:270 [error] User with email chrishouns21@gmail.com already exists : null
2022-04-05 19:27:00:270 [api] POST /api/v1/users/signup 400 - 3.005 ms

2022-04-05 19:27:14:2714 [api] POST /api/v1/users/signup 201 - 4409.905 ms

2022-04-05 19:27:36:2736 [api] POST /api/v1/users/signup 201 - 27.990 ms

2022-04-05 19:27:41:2741 [error] User with email chrishouns21@gmail.com already exists : null
2022-04-05 19:27:41:2741 [api] POST /api/v1/users/signup 400 - 2.418 ms

2022-04-06 03:19:15:1915 [error] User with email chrishouns21@gmail.com already exists : null
2022-04-06 03:19:15:1915 [api] POST /api/v1/users/signup 400 - 499.767 ms

2022-04-06 03:20:32:2032 [error] Authentication failed : null
2022-04-06 03:20:32:2032 [api] POST /api/v1/rents 401 - 1802.199 ms

2022-04-06 03:23:59:2359 [error] Authentication failed : null
2022-04-06 03:23:59:2359 [api] POST /api/v1/rents 401 - 257.588 ms

2022-04-06 03:25:07:257 [error] Authentication failed : null
2022-04-06 03:25:07:257 [api] POST /api/v1/rents 401 - 3999.865 ms

2022-04-06 03:27:01:271 [api] POST /api/v1/users/signup 201 - 644.700 ms

2022-04-06 03:28:46:2846 [error] Authentication failed : null
2022-04-06 03:28:46:2846 [api] POST /api/v1/rents 401 - 35.662 ms

2022-04-06 03:29:34:2934 [error] User with email chrishouns21@gmail.com already exists : null
2022-04-06 03:29:34:2934 [api] POST /api/v1/users/signup 400 - 36.919 ms

2022-04-06 03:31:14:3114 [error] Authentication failed : null
2022-04-06 03:31:14:3114 [api] POST /api/v1/rents 401 - 26.545 ms

2022-04-06 03:33:02:332 [error] Authentication failed : null
2022-04-06 03:33:02:332 [api] POST /api/v1/rents 401 - 1.156 ms

2022-04-06 03:34:41:3441 [info] Server started running on port 3300
2022-04-06 03:34:42:3442 [info] Successfully connected to the database
2022-04-06 03:34:44:3444 [error] Authentication failed : null
2022-04-06 03:34:44:3444 [api] POST /api/v1/rents 401 - 158.142 ms

2022-04-06 03:36:00:360 [info] Server started running on port 3300
2022-04-06 03:36:00:360 [info] Successfully connected to the database
2022-04-06 03:36:08:368 [error] Authentication failed : null
2022-04-06 03:36:08:368 [api] POST /api/v1/rents 401 - 10.808 ms

2022-04-06 03:48:46:4846 [info] Server started running on port 3300
2022-04-06 03:48:46:4846 [info] Successfully connected to the database
2022-04-06 03:49:55:4955 [api] POST /api/v1/users/signup 201 - 1631.299 ms

2022-04-06 03:50:03:503 [error] User with email chrishouns21@gmail.com already exists : null
2022-04-06 03:50:03:503 [api] POST /api/v1/users/signup 400 - 57.573 ms

2022-04-06 03:50:31:5031 [error] Authentication failed : null
2022-04-06 03:50:31:5031 [api] POST /api/v1/rents 401 - 24.084 ms

2022-04-06 03:51:38:5138 [error] Authentication failed : null
2022-04-06 03:51:38:5138 [api] POST /api/v1/rents 401 - 118.294 ms

2022-04-06 03:53:08:538 [info] Server started running on port 3300
2022-04-06 03:53:08:538 [info] Successfully connected to the database
2022-04-06 03:54:42:5442 [info] Server started running on port 3300
2022-04-06 03:54:42:5442 [info] Successfully connected to the database
2022-04-06 03:54:43:5443 [error] Authentication failed : null
2022-04-06 03:54:43:5443 [api] POST /api/v1/rents 401 - 20.815 ms

2022-04-06 03:55:16:5516 [info] Server started running on port 3300
2022-04-06 03:55:16:5516 [info] Successfully connected to the database
2022-04-06 03:55:17:5517 [error] Authorization failed : User is not authorized to perform /api/v1/rents
2022-04-06 03:55:17:5517 [api] POST /api/v1/rents 403 - 16.217 ms

2022-04-06 03:57:01:571 [info] Server started running on port 3300
2022-04-06 03:57:01:571 [info] Successfully connected to the database
2022-04-06 03:57:04:574 [error] Request body validation failed : "monthly_plan_pay" must be a string
2022-04-06 03:57:04:574 [error] Validation failed : "monthly_plan_pay" must be a string
2022-04-06 03:57:04:574 [api] POST /api/v1/rents 400 - 36.101 ms

2022-04-06 03:57:41:5741 [info] Server started running on port 3300
2022-04-06 03:57:41:5741 [info] Successfully connected to the database
2022-04-06 03:57:47:5747 [error] User with id undefined not found : null
2022-04-06 03:57:47:5747 [api] POST /api/v1/rents 400 - 992.889 ms

2022-04-06 03:58:30:5830 [info] Server started running on port 3300
2022-04-06 03:58:31:5831 [info] Successfully connected to the database
2022-04-06 03:59:57:5957 [info] Server started running on port 3300
2022-04-06 03:59:57:5957 [info] Successfully connected to the database
2022-04-06 04:00:13:013 [info] Server started running on port 3300
2022-04-06 04:00:14:014 [info] Successfully connected to the database
2022-04-06 04:29:37:2937 [info] Server started running on port 3300
2022-04-06 04:30:07:307 [error] Error occurred while connecting to the database connect ECONNREFUSED 127.0.0.1:27017
2022-04-06 04:31:29:3129 [info] Server started running on port 3300
2022-04-06 04:31:29:3129 [info] Successfully connected to the database
2022-04-06 04:31:54:3154 [info] Server started running on port 3300
2022-04-06 04:31:54:3154 [info] Successfully connected to the database
2022-04-06 04:31:56:3156 [error] Authentication failed : null
2022-04-06 04:31:56:3156 [api] POST /api/v1/rents 401 - 180.251 ms

2022-04-06 04:32:25:3225 [info] Server started running on port 3300
2022-04-06 04:32:25:3225 [info] Successfully connected to the database
2022-04-06 08:05:18:518 [error] Authentication failed : null
2022-04-06 08:05:18:518 [api] POST /api/v1/rents 401 - 46.173 ms

2022-04-06 08:06:40:640 [info] Server started running on port 3300
2022-04-06 08:06:40:640 [info] Successfully connected to the database
2022-04-06 08:06:56:656 [info] Server started running on port 3300
2022-04-06 08:06:56:656 [info] Successfully connected to the database
2022-04-06 08:09:32:932 [error] Cannot read properties of undefined (reading '_id') : undefined
2022-04-06 08:09:32:932 [api] POST /api/v1/rents 500 - 247.415 ms

2022-04-06 08:11:10:1110 [info] Server started running on port 3300
2022-04-06 08:11:10:1110 [info] Successfully connected to the database
2022-04-06 08:11:14:1114 [error] Cannot read properties of undefined (reading '_id') : undefined
2022-04-06 08:11:14:1114 [api] POST /api/v1/rents 500 - 37.889 ms

2022-04-06 08:12:13:1213 [info] Server started running on port 3300
2022-04-06 08:12:13:1213 [info] Successfully connected to the database
2022-04-06 08:12:30:1230 [error] Cannot read properties of undefined (reading '_id') : undefined
2022-04-06 08:12:30:1230 [api] POST /api/v1/rents 500 - 39.846 ms

2022-04-06 08:14:35:1435 [info] Server started running on port 3300
2022-04-06 08:14:35:1435 [info] Successfully connected to the database
2022-04-06 08:17:44:1744 [info] Server started running on port 3300
2022-04-06 08:17:44:1744 [info] Successfully connected to the database
2022-04-06 08:26:59:2659 [info] Server started running on port 3300
2022-04-06 08:26:59:2659 [info] Successfully connected to the database
2022-04-06 08:28:38:2838 [info] Server started running on port 3300
2022-04-06 08:28:38:2838 [info] Successfully connected to the database
2022-04-06 08:28:41:2841 [error] Cannot read properties of undefined (reading '_id') : undefined
2022-04-06 08:28:41:2841 [api] POST /api/v1/rents 500 - 33.750 ms

2022-04-06 08:29:13:2913 [info] Server started running on port 3300
2022-04-06 08:29:14:2914 [info] Successfully connected to the database
2022-04-06 08:32:28:3228 [info] Server started running on port 3300
2022-04-06 08:32:28:3228 [info] Successfully connected to the database
2022-04-06 08:32:32:3232 [error] Cannot read properties of undefined (reading '_id') : undefined
2022-04-06 08:32:32:3232 [api] POST /api/v1/rents 500 - 32.971 ms

2022-04-06 08:32:55:3255 [info] Server started running on port 3300
2022-04-06 08:32:55:3255 [info] Successfully connected to the database
2022-04-06 08:34:16:3416 [error] Cannot read properties of undefined (reading '_id') : undefined
2022-04-06 08:34:16:3416 [api] POST /api/v1/rents 500 - 39.123 ms

2022-04-06 08:41:22:4122 [error] Cannot read properties of undefined (reading '_id') : undefined
2022-04-06 08:41:22:4122 [api] POST /api/v1/rents 500 - 9.724 ms

2022-04-06 08:47:08:478 [info] Server started running on port 3300
2022-04-06 08:47:09:479 [info] Successfully connected to the database
2022-04-06 08:47:13:4713 [error] Cannot read properties of undefined (reading '_id') : undefined
2022-04-06 08:47:13:4713 [api] POST /api/v1/rents 500 - 50.894 ms

2022-04-06 08:47:13:4713 [error] Cannot read properties of undefined (reading '_id') : undefined
2022-04-06 08:47:13:4713 [api] POST /api/v1/rents 500 - 41.779 ms

2022-04-06 08:49:00:490 [info] Server started running on port 3300
2022-04-06 08:49:00:490 [info] Successfully connected to the database
2022-04-06 08:49:01:491 [error] Cannot read properties of undefined (reading '_id') : undefined
2022-04-06 08:49:01:491 [api] POST /api/v1/rents 500 - 40.740 ms

2022-04-06 08:49:50:4950 [info] Server started running on port 3300
2022-04-06 08:49:50:4950 [info] Successfully connected to the database
2022-04-06 08:50:10:5010 [error] Cannot read properties of undefined (reading '_id') : undefined
2022-04-06 08:50:10:5010 [api] POST /api/v1/rents 500 - 41.490 ms

2022-04-06 08:50:32:5032 [info] Server started running on port 3300
2022-04-06 08:50:32:5032 [info] Successfully connected to the database
2022-04-06 08:51:04:514 [info] Server started running on port 3300
2022-04-06 08:51:04:514 [info] Successfully connected to the database
2022-04-06 08:51:07:517 [error] Cannot read properties of undefined (reading '_id') : undefined
2022-04-06 08:51:07:517 [api] POST /api/v1/rents 500 - 35.513 ms

2022-04-06 08:51:25:5125 [info] Server started running on port 3300
2022-04-06 08:51:25:5125 [info] Successfully connected to the database
2022-04-06 08:51:33:5133 [info] Server started running on port 3300
2022-04-06 08:51:33:5133 [info] Successfully connected to the database
2022-04-06 08:51:35:5135 [error] Cannot read properties of undefined (reading '_id') : undefined
2022-04-06 08:51:35:5135 [api] POST /api/v1/rents 500 - 40.098 ms

2022-04-06 08:51:55:5155 [info] Server started running on port 3300
2022-04-06 08:51:55:5155 [info] Successfully connected to the database
2022-04-06 08:52:18:5218 [info] Server started running on port 3300
2022-04-06 08:52:18:5218 [info] Successfully connected to the database
2022-04-06 08:53:28:5328 [error] Cannot read properties of undefined (reading '_id') : undefined
2022-04-06 08:53:28:5328 [api] POST /api/v1/rents 500 - 39.782 ms

2022-04-06 08:53:28:5328 [error] Cannot read properties of undefined (reading '_id') : undefined
2022-04-06 08:53:28:5328 [api] POST /api/v1/rents 500 - 9.547 ms

2022-04-06 08:53:53:5353 [info] Server started running on port 3300
2022-04-06 08:53:53:5353 [info] Successfully connected to the database
2022-04-06 08:54:40:5440 [info] Server started running on port 3300
2022-04-06 08:54:40:5440 [info] Successfully connected to the database
2022-04-06 08:54:51:5451 [error] Cannot read properties of undefined (reading '_id') : undefined
2022-04-06 08:54:51:5451 [api] POST /api/v1/rents 500 - 45.577 ms

2022-04-06 08:56:03:563 [info] Server started running on port 3300
2022-04-06 08:56:03:563 [info] Successfully connected to the database
2022-04-06 08:58:08:588 [info] Server started running on port 3300
2022-04-06 08:58:08:588 [info] Successfully connected to the database
2022-04-06 08:58:11:5811 [error] Cannot read properties of undefined (reading '_id') : undefined
2022-04-06 08:58:11:5811 [api] POST /api/v1/rents 500 - 48.446 ms

2022-04-06 08:58:11:5811 [error] Cannot read properties of undefined (reading '_id') : undefined
2022-04-06 08:58:11:5811 [api] POST /api/v1/rents 500 - 35.930 ms

2022-04-06 08:58:30:5830 [info] Server started running on port 3300
2022-04-06 08:58:30:5830 [info] Successfully connected to the database
2022-04-06 09:05:35:535 [info] Server started running on port 3300
2022-04-06 09:06:05:65 [error] Error occurred while connecting to the database connect ECONNREFUSED 127.0.0.1:27017
2022-04-06 09:07:04:74 [info] Server started running on port 3300
2022-04-06 09:07:04:74 [info] Successfully connected to the database
2022-04-06 09:09:04:94 [error] Cannot read properties of undefined (reading '_id') : undefined
2022-04-06 09:09:04:94 [api] POST /api/v1/rents 500 - 191.584 ms

2022-04-06 09:09:46:946 [info] Server started running on port 3300
2022-04-06 09:09:46:946 [info] Successfully connected to the database
2022-04-06 09:10:33:1033 [info] Server started running on port 3300
2022-04-06 09:10:33:1033 [info] Successfully connected to the database
2022-04-06 09:10:35:1035 [error] Cannot read properties of undefined (reading '_id') : undefined
2022-04-06 09:10:35:1035 [api] POST /api/v1/rents 500 - 36.028 ms

2022-04-06 09:13:43:1343 [info] Server started running on port 3300
2022-04-06 09:13:43:1343 [info] Successfully connected to the database
2022-04-06 09:15:44:1544 [error] Cannot read properties of undefined (reading '_id') : undefined
2022-04-06 09:15:44:1544 [api] POST /api/v1/rents 500 - 33.086 ms

2022-04-06 09:17:53:1753 [info] Server started running on port 3300
2022-04-06 09:17:53:1753 [info] Successfully connected to the database
2022-04-06 09:18:58:1858 [info] Server started running on port 3300
2022-04-06 09:18:58:1858 [info] Successfully connected to the database
2022-04-06 09:19:40:1940 [info] Server started running on port 3300
2022-04-06 09:19:40:1940 [info] Successfully connected to the database
2022-04-06 09:20:10:2010 [info] Server started running on port 3300
2022-04-06 09:20:10:2010 [info] Successfully connected to the database
2022-04-06 09:20:46:2046 [info] Server started running on port 3300
2022-04-06 09:20:46:2046 [info] Successfully connected to the database
2022-04-06 09:20:51:2051 [info] Server started running on port 3300
2022-04-06 09:20:51:2051 [info] Successfully connected to the database
2022-04-06 09:21:06:216 [info] Server started running on port 3300
2022-04-06 09:21:06:216 [info] Successfully connected to the database
2022-04-06 09:21:54:2154 [info] Server started running on port 3300
2022-04-06 09:21:54:2154 [info] Successfully connected to the database
2022-04-06 09:22:05:225 [info] Server started running on port 3300
2022-04-06 09:22:05:225 [info] Successfully connected to the database
2022-04-06 09:22:35:2235 [info] Server started running on port 3300
2022-04-06 09:22:35:2235 [info] Successfully connected to the database
2022-04-06 09:23:03:233 [info] Server started running on port 3300
2022-04-06 09:23:03:233 [info] Successfully connected to the database
2022-04-06 09:23:32:2332 [info] Server started running on port 3300
2022-04-06 09:23:32:2332 [info] Successfully connected to the database
2022-04-06 09:23:33:2333 [api] POST /api/v1/rents 201 - 32.833 ms

2022-04-06 09:24:05:245 [api] POST /api/v1/rents 201 - 11.478 ms

2022-04-06 09:24:40:2440 [info] Server started running on port 3300
2022-04-06 09:24:40:2440 [info] Successfully connected to the database
2022-04-06 09:25:11:2511 [info] Server started running on port 3300
2022-04-06 09:25:11:2511 [info] Successfully connected to the database
2022-04-06 09:28:00:280 [info] Server started running on port 3300
2022-04-06 09:28:00:280 [info] Successfully connected to the database
2022-04-06 09:40:27:4027 [api] POST /api/v1/rents 201 - 37.924 ms

2022-04-06 09:58:53:5853 [error] Request body validation failed : "monthly_plan_pay" must be a string
2022-04-06 09:58:53:5853 [error] Request url parameters validation failed : "id" is required
2022-04-06 09:58:53:5853 [error] Validation failed : "monthly_plan_pay" must be a string
2022-04-06 09:58:53:5853 [api] PATCH /api/v1/rents/624d984bf0c6a72be28bade2 400 - 8.137 ms

2022-04-06 09:59:57:5957 [api] POST /api/v1/rents 201 - 6.497 ms

2022-04-06 10:01:36:136 [info] Server started running on port 3300
2022-04-06 10:01:36:136 [info] Successfully connected to the database
2022-04-06 10:03:11:311 [api] POST /api/v1/rents 201 - 33.095 ms

2022-04-06 10:04:06:46 [error] Request body validation failed : "monthly_plan_pay" must be a string
2022-04-06 10:04:06:46 [error] Request url parameters validation failed : "id" is required
2022-04-06 10:04:06:46 [error] Validation failed : "monthly_plan_pay" must be a string
2022-04-06 10:04:06:46 [api] PATCH /api/v1/rents/624d9d9fb61df73ec52a9079 400 - 9.104 ms

2022-04-06 10:05:03:53 [info] Server started running on port 3300
2022-04-06 10:05:03:53 [info] Successfully connected to the database
2022-04-06 10:05:17:517 [info] Server started running on port 3300
2022-04-06 10:05:17:517 [info] Successfully connected to the database
2022-04-06 10:05:41:541 [info] Server started running on port 3300
2022-04-06 10:05:41:541 [info] Successfully connected to the database
2022-04-06 10:06:02:62 [api] POST /api/v1/rents 201 - 31.911 ms

2022-04-06 10:06:14:614 [error] Request body validation failed : "is_approved" is required
2022-04-06 10:06:14:614 [error] Request url parameters validation failed : "id" is required
2022-04-06 10:06:14:614 [error] Validation failed : "is_approved" is required
2022-04-06 10:06:14:614 [api] PATCH /api/v1/rents/624d9e4aac1f8241f0384831 400 - 10.531 ms

2022-04-06 10:07:14:714 [info] Server started running on port 3300
2022-04-06 10:07:14:714 [info] Successfully connected to the database
2022-04-06 10:07:34:734 [api] POST /api/v1/rents 201 - 32.838 ms

2022-04-06 10:07:52:752 [error] Request body validation failed : "id" is not allowed
2022-04-06 10:07:52:752 [error] Request url parameters validation failed : "id" is required
2022-04-06 10:07:52:752 [error] Validation failed : "id" is not allowed
2022-04-06 10:07:52:752 [api] PATCH /api/v1/rents/624d9ea6c0c00c44175793b5 400 - 7.474 ms

2022-04-06 10:11:49:1149 [api] POST /api/v1/rents 201 - 6.929 ms

2022-04-06 10:12:03:123 [error] Authorization failed : User is not authorized to perform update on the requested rent
2022-04-06 10:12:03:123 [api] PATCH /api/v1/rents/624d9fa5c0c00c44175793ba 403 - 9.037 ms

2022-04-06 10:13:44:1344 [info] Server started running on port 3300
2022-04-06 10:13:44:1344 [info] Successfully connected to the database
2022-04-06 10:14:04:144 [api] POST /api/v1/rents 201 - 40.275 ms

2022-04-06 10:14:16:1416 [error] Authorization failed : User is not authorized to perform update on the requested rent
2022-04-06 10:14:16:1416 [api] PATCH /api/v1/rents/624da02c4b72e2487cf0daae 403 - 7.468 ms

2022-04-06 10:14:16:1416 [error] Authorization failed : User is not authorized to perform update on the requested rent
2022-04-06 10:14:16:1416 [api] PATCH /api/v1/rents/624da02c4b72e2487cf0daae 403 - 9.221 ms

2022-04-06 10:15:17:1517 [info] Server started running on port 3300
2022-04-06 10:15:17:1517 [info] Successfully connected to the database
2022-04-06 10:15:33:1533 [api] POST /api/v1/rents 201 - 34.276 ms

2022-04-06 10:15:36:1536 [error] Authorization failed : User is not authorized to perform update on the requested rent
2022-04-06 10:15:36:1536 [api] PATCH /api/v1/rents/624da085f1a39749c494f491 403 - 9.765 ms

2022-04-06 10:16:37:1637 [info] Server started running on port 3300
2022-04-06 10:16:37:1637 [info] Successfully connected to the database
2022-04-06 10:17:03:173 [api] POST /api/v1/rents 201 - 35.393 ms

2022-04-06 10:17:05:175 [error] Authorization failed : User is not authorized to perform update on the requested rent
2022-04-06 10:17:05:175 [api] PATCH /api/v1/rents/624da0df4c75264abec4d874 403 - 7.301 ms

2022-04-06 10:17:53:1753 [info] Server started running on port 3300
2022-04-06 10:17:53:1753 [info] Successfully connected to the database
2022-04-06 10:18:11:1811 [api] POST /api/v1/rents 201 - 32.572 ms

2022-04-06 10:18:14:1814 [error] Authorization failed : User is not authorized to perform update on the requested rent
2022-04-06 10:18:14:1814 [api] PATCH /api/v1/rents/624da12392accc4bc127c654 403 - 15.196 ms

2022-04-06 10:18:50:1850 [info] Server started running on port 3300
2022-04-06 10:18:50:1850 [info] Successfully connected to the database
2022-04-06 10:19:13:1913 [info] Server started running on port 3300
2022-04-06 10:19:13:1913 [info] Successfully connected to the database
2022-04-06 10:19:31:1931 [api] POST /api/v1/rents 201 - 51.851 ms

2022-04-06 10:19:34:1934 [error] Authorization failed : User is not authorized to perform update on the requested rent
2022-04-06 10:19:34:1934 [api] PATCH /api/v1/rents/624da173cbbadc4d15e52b97 403 - 15.334 ms

2022-04-06 10:22:57:2257 [info] Server started running on port 3300
2022-04-06 10:22:57:2257 [info] Successfully connected to the database
2022-04-06 10:24:26:2426 [info] Server started running on port 3300
2022-04-06 10:24:26:2426 [info] Successfully connected to the database
2022-04-06 10:24:37:2437 [info] Server started running on port 3300
2022-04-06 10:24:37:2437 [info] Successfully connected to the database
2022-04-06 10:24:59:2459 [api] POST /api/v1/rents 201 - 31.785 ms

2022-04-06 10:25:02:252 [error] Authorization failed : User is not authorized to perform update on the requested rent
2022-04-06 10:25:02:252 [api] PATCH /api/v1/rents/624da2bb748b614f7bcb7f89 403 - 12.286 ms

2022-04-06 10:25:33:2533 [info] Server started running on port 3300
2022-04-06 10:25:33:2533 [info] Successfully connected to the database
2022-04-06 10:25:47:2547 [api] POST /api/v1/rents 201 - 32.193 ms

2022-04-06 10:25:49:2549 [error] Authorization failed : User is not authorized to perform update on the requested rent
2022-04-06 10:25:49:2549 [api] PATCH /api/v1/rents/624da2eb67fb5e5063b75517 403 - 12.489 ms

2022-04-06 10:26:26:2626 [info] Server started running on port 3300
2022-04-06 10:26:26:2626 [info] Successfully connected to the database
2022-04-06 10:26:38:2638 [api] POST /api/v1/rents 201 - 35.045 ms

2022-04-06 10:26:39:2639 [error] Authorization failed : User is not authorized to perform update on the requested rent
2022-04-06 10:26:39:2639 [api] PATCH /api/v1/rents/624da31ea1e144513aa3d69e 403 - 11.142 ms

2022-04-06 10:27:18:2718 [info] Server started running on port 3300
2022-04-06 10:27:18:2718 [info] Successfully connected to the database
2022-04-06 10:27:50:2750 [api] POST /api/v1/rents 201 - 30.948 ms

2022-04-06 10:27:53:2753 [error] Authorization failed : User is not authorized to perform update on the requested rent
2022-04-06 10:27:53:2753 [api] PATCH /api/v1/rents/624da3666d26b4521a125bda 403 - 11.658 ms

2022-04-06 10:35:04:354 [api] GET /api/v1/rents 200 - 8.241 ms

2022-04-06 10:35:28:3528 [api] GET /api/v1/rents/624d82fc39e5913c1624c964 200 - 4.338 ms

2022-04-06 10:37:35:3735 [api] GET /api/v1/rents 200 - 7.986 ms

2022-04-06 10:38:02:382 [api] GET /api/v1/rents/624d8c3df5aeec5307264790 200 - 4.121 ms

2022-04-06 10:46:57:4657 [info] Server started running on port 3300
2022-04-06 10:46:57:4657 [info] Successfully connected to the database
2022-04-06 10:52:51:5251 [info] Server started running on port 3300
2022-04-06 10:52:51:5251 [info] Successfully connected to the database
2022-04-06 10:53:02:532 [api] GET /api/v1/rents/624d8c3df5aeec5307264790 200 - 19.020 ms

2022-04-06 10:53:37:5337 [api] GET /api/v1/rents/624d8c3df5aeec5307264790 200 - 5.881 ms

2022-04-06 10:53:44:5344 [api] GET /api/v1/rents/ 200 - 8.241 ms

2022-04-06 10:53:55:5355 [api] GET /api/v1/rents/624d8bd1d43a4851c5b50fd7 200 - 6.573 ms

2022-04-06 10:54:48:5448 [api] POST /api/v1/rents 201 - 21.486 ms

2022-04-06 10:54:50:5450 [error] Authorization failed : User is not authorized to perform update on the requested rent
2022-04-06 10:54:50:5450 [api] PATCH /api/v1/rents/624da9b869c6955b27f12214 403 - 12.576 ms

2022-04-06 10:54:56:5456 [api] GET /api/v1/rents/ 200 - 6.300 ms

2022-04-06 10:57:16:5716 [api] POST /api/v1/rents 201 - 7.305 ms

2022-04-06 10:58:18:5818 [info] Server started running on port 3300
2022-04-06 10:58:18:5818 [info] Successfully connected to the database
2022-04-06 10:58:29:5829 [api] POST /api/v1/rents 201 - 38.239 ms

2022-04-06 10:59:16:5916 [info] Server started running on port 3300
2022-04-06 10:59:16:5916 [info] Successfully connected to the database
2022-04-06 10:59:28:5928 [api] POST /api/v1/rents 201 - 35.227 ms

2022-04-06 10:59:59:5959 [api] GET /api/v1/rents/ 200 - 9.555 ms

2022-04-06 11:01:17:117 [api] GET /api/v1/rents/624daad03d08cb5f12e6ad6a 200 - 5.168 ms

2022-04-06 15:03:10:310 [info] Server started running on port 3300
2022-04-06 15:03:40:340 [error] Error occurred while connecting to the database connect ECONNREFUSED 127.0.0.1:27017
2022-04-06 15:03:53:353 [info] Server started running on port 3300
2022-04-06 15:03:53:353 [info] Successfully connected to the database
2022-04-06 15:05:37:537 [api] POST /api/v1/rents 201 - 161.744 ms

2022-04-06 15:05:47:547 [error] Authorization failed : User is not authorized to perform update on the requested rent
2022-04-06 15:05:47:547 [api] PATCH /api/v1/rents/624de48115c3203e59f87867 403 - 8.544 ms

2022-04-06 15:45:30:4530 [info] Server started running on port 3300
2022-04-06 15:45:30:4530 [info] Successfully connected to the database
2022-04-06 16:08:51:851 [info] Server started running on port 3300
2022-04-06 16:08:51:851 [info] Successfully connected to the database
2022-04-06 16:19:24:1924 [info] Server started running on port 3300
2022-04-06 16:19:24:1924 [info] Successfully connected to the database
2022-04-06 16:34:07:347 [info] Server started running on port 3300
2022-04-06 16:34:07:347 [info] Successfully connected to the database
2022-04-06 16:34:31:3431 [api] POST /api/v1/rents 201 - 51.284 ms

2022-04-06 16:34:34:3434 [api] PATCH /api/v1/rents/624df9577a48cf559407ea72 200 - 404.313 ms

2022-04-06 16:34:35:3435 [api] PATCH /api/v1/rents/624df9577a48cf559407ea72 200 - 592.180 ms

2022-04-06 16:34:59:3459 [info] Server started running on port 3300
2022-04-06 16:34:59:3459 [info] Successfully connected to the database
2022-04-07 02:52:58:5258 [info] Server started running on port 3300
2022-04-07 02:53:16:5316 [info] Successfully connected to the database
2022-04-07 02:57:59:5759 [api] GET /api/v1/rents/624daad03d08cb5f12e6ad6a 200 - 69.440 ms

2022-04-07 03:43:32:4332 [api] POST /api/v1/rents 201 - 62.416 ms

2022-04-07 03:50:13:5013 [api] POST /api/v1/rents 201 - 9.421 ms

2022-04-07 03:50:13:5013 [api] POST /api/v1/rents 201 - 8.892 ms

2022-04-07 03:54:07:547 [api] PATCH /api/v1/rents/624e97b53a369439506ebac6 200 - 36.431 ms

2022-04-07 03:54:07:547 [api] PATCH /api/v1/rents/624e97b53a369439506ebac6 200 - 34.836 ms

2022-04-07 03:54:07:547 [api] PATCH /api/v1/rents/624e97b53a369439506ebac6 200 - 41.973 ms

2022-04-07 03:54:07:547 [api] PATCH /api/v1/rents/624e97b53a369439506ebac6 200 - 39.096 ms

2022-04-07 03:54:07:547 [api] PATCH /api/v1/rents/624e97b53a369439506ebac6 200 - 40.186 ms

2022-04-07 03:54:08:548 [api] PATCH /api/v1/rents/624e97b53a369439506ebac6 200 - 17.078 ms

2022-04-07 03:54:08:548 [api] PATCH /api/v1/rents/624e97b53a369439506ebac6 200 - 28.212 ms

2022-04-07 03:54:08:548 [api] PATCH /api/v1/rents/624e97b53a369439506ebac6 200 - 35.570 ms

2022-04-07 03:54:08:548 [api] PATCH /api/v1/rents/624e97b53a369439506ebac6 200 - 36.106 ms

2022-04-07 03:54:08:548 [api] PATCH /api/v1/rents/624e97b53a369439506ebac6 200 - 45.443 ms

2022-04-07 03:54:08:548 [api] PATCH /api/v1/rents/624e97b53a369439506ebac6 200 - 47.296 ms

2022-04-07 03:54:08:548 [api] PATCH /api/v1/rents/624e97b53a369439506ebac6 200 - 47.387 ms

2022-04-07 03:54:08:548 [api] PATCH /api/v1/rents/624e97b53a369439506ebac6 200 - 39.738 ms

2022-04-07 03:54:08:548 [api] PATCH /api/v1/rents/624e97b53a369439506ebac6 200 - 44.781 ms

2022-04-07 03:54:08:548 [api] PATCH /api/v1/rents/624e97b53a369439506ebac6 200 - 44.004 ms

2022-04-07 03:54:08:548 [api] PATCH /api/v1/rents/624e97b53a369439506ebac6 200 - 40.193 ms

2022-04-07 03:54:08:548 [api] PATCH /api/v1/rents/624e97b53a369439506ebac6 200 - 38.449 ms

2022-04-07 03:54:08:548 [api] PATCH /api/v1/rents/624e97b53a369439506ebac6 200 - 32.286 ms

2022-04-07 03:54:08:548 [api] PATCH /api/v1/rents/624e97b53a369439506ebac6 200 - 33.168 ms

2022-04-07 03:54:08:548 [api] PATCH /api/v1/rents/624e97b53a369439506ebac6 200 - 36.831 ms

2022-04-07 03:54:08:548 [api] PATCH /api/v1/rents/624e97b53a369439506ebac6 200 - 30.647 ms

2022-04-07 03:54:08:548 [api] PATCH /api/v1/rents/624e97b53a369439506ebac6 200 - 29.343 ms

2022-04-07 03:54:08:548 [api] PATCH /api/v1/rents/624e97b53a369439506ebac6 200 - 31.959 ms

2022-04-07 03:54:08:548 [api] PATCH /api/v1/rents/624e97b53a369439506ebac6 200 - 31.772 ms

2022-04-07 03:54:08:548 [api] PATCH /api/v1/rents/624e97b53a369439506ebac6 200 - 30.086 ms

2022-04-07 03:54:08:548 [api] PATCH /api/v1/rents/624e97b53a369439506ebac6 200 - 26.736 ms

2022-04-07 03:54:08:548 [api] PATCH /api/v1/rents/624e97b53a369439506ebac6 200 - 35.504 ms

2022-04-07 03:54:08:548 [api] PATCH /api/v1/rents/624e97b53a369439506ebac6 200 - 25.675 ms

2022-04-07 03:54:08:548 [api] PATCH /api/v1/rents/624e97b53a369439506ebac6 200 - 34.469 ms

2022-04-07 03:54:08:548 [api] PATCH /api/v1/rents/624e97b53a369439506ebac6 200 - 32.237 ms

2022-04-07 03:54:08:548 [api] PATCH /api/v1/rents/624e97b53a369439506ebac6 200 - 33.105 ms

2022-04-07 03:54:08:548 [api] PATCH /api/v1/rents/624e97b53a369439506ebac6 200 - 28.194 ms

2022-04-07 03:54:08:548 [api] PATCH /api/v1/rents/624e97b53a369439506ebac6 200 - 31.848 ms

2022-04-07 03:54:08:548 [api] PATCH /api/v1/rents/624e97b53a369439506ebac6 200 - 31.520 ms

2022-04-07 03:54:08:548 [api] PATCH /api/v1/rents/624e97b53a369439506ebac6 200 - 31.608 ms

2022-04-07 03:54:08:548 [api] PATCH /api/v1/rents/624e97b53a369439506ebac6 200 - 34.210 ms

2022-04-07 03:54:08:548 [api] PATCH /api/v1/rents/624e97b53a369439506ebac6 200 - 33.387 ms

2022-04-07 03:54:08:548 [api] PATCH /api/v1/rents/624e97b53a369439506ebac6 200 - 22.790 ms

2022-04-07 03:54:08:548 [api] PATCH /api/v1/rents/624e97b53a369439506ebac6 200 - 22.909 ms

2022-04-07 03:54:08:548 [api] PATCH /api/v1/rents/624e97b53a369439506ebac6 200 - 23.920 ms

2022-04-07 03:54:08:548 [api] PATCH /api/v1/rents/624e97b53a369439506ebac6 200 - 22.135 ms

2022-04-07 03:54:08:548 [api] PATCH /api/v1/rents/624e97b53a369439506ebac6 200 - 22.397 ms

2022-04-07 03:54:08:548 [api] PATCH /api/v1/rents/624e97b53a369439506ebac6 200 - 23.176 ms

2022-04-07 03:54:08:548 [api] PATCH /api/v1/rents/624e97b53a369439506ebac6 200 - 28.848 ms

2022-04-07 03:54:08:548 [api] PATCH /api/v1/rents/624e97b53a369439506ebac6 200 - 33.557 ms

2022-04-07 03:54:08:548 [api] PATCH /api/v1/rents/624e97b53a369439506ebac6 200 - 28.703 ms

2022-04-07 03:54:08:548 [api] PATCH /api/v1/rents/624e97b53a369439506ebac6 200 - 29.413 ms

2022-04-07 03:54:08:548 [api] PATCH /api/v1/rents/624e97b53a369439506ebac6 200 - 28.630 ms

2022-04-07 03:54:08:548 [api] PATCH /api/v1/rents/624e97b53a369439506ebac6 200 - 33.017 ms

2022-04-07 03:54:08:548 [api] PATCH /api/v1/rents/624e97b53a369439506ebac6 200 - 33.889 ms

2022-04-07 03:54:08:548 [api] PATCH /api/v1/rents/624e97b53a369439506ebac6 200 - 36.550 ms

2022-04-07 03:54:08:548 [api] PATCH /api/v1/rents/624e97b53a369439506ebac6 200 - 31.343 ms

2022-04-07 03:54:08:548 [api] PATCH /api/v1/rents/624e97b53a369439506ebac6 200 - 33.665 ms

2022-04-07 03:54:08:548 [api] PATCH /api/v1/rents/624e97b53a369439506ebac6 200 - 30.602 ms

2022-04-07 03:54:08:548 [api] PATCH /api/v1/rents/624e97b53a369439506ebac6 200 - 24.053 ms

2022-04-07 03:54:08:548 [api] PATCH /api/v1/rents/624e97b53a369439506ebac6 200 - 20.047 ms

2022-04-07 03:54:08:548 [api] PATCH /api/v1/rents/624e97b53a369439506ebac6 200 - 27.317 ms

2022-04-07 03:54:08:548 [api] PATCH /api/v1/rents/624e97b53a369439506ebac6 200 - 27.570 ms

2022-04-07 03:54:08:548 [api] PATCH /api/v1/rents/624e97b53a369439506ebac6 200 - 30.367 ms

2022-04-07 03:54:08:548 [api] PATCH /api/v1/rents/624e97b53a369439506ebac6 200 - 26.636 ms

2022-04-07 03:54:08:548 [api] PATCH /api/v1/rents/624e97b53a369439506ebac6 200 - 26.621 ms

2022-04-07 03:54:08:548 [api] PATCH /api/v1/rents/624e97b53a369439506ebac6 200 - 24.868 ms

2022-04-07 03:54:08:548 [api] PATCH /api/v1/rents/624e97b53a369439506ebac6 200 - 21.109 ms

2022-04-07 03:54:08:548 [api] PATCH /api/v1/rents/624e97b53a369439506ebac6 200 - 20.211 ms

2022-04-07 03:54:08:548 [api] PATCH /api/v1/rents/624e97b53a369439506ebac6 200 - 21.864 ms

2022-04-07 03:54:08:548 [api] PATCH /api/v1/rents/624e97b53a369439506ebac6 200 - 25.893 ms

2022-04-07 03:54:08:548 [api] PATCH /api/v1/rents/624e97b53a369439506ebac6 200 - 28.840 ms

2022-04-07 03:54:08:548 [api] PATCH /api/v1/rents/624e97b53a369439506ebac6 200 - 32.370 ms

2022-04-07 03:54:08:548 [api] PATCH /api/v1/rents/624e97b53a369439506ebac6 200 - 32.556 ms

2022-04-07 03:54:08:548 [api] PATCH /api/v1/rents/624e97b53a369439506ebac6 200 - 28.621 ms

2022-04-07 03:54:08:548 [api] PATCH /api/v1/rents/624e97b53a369439506ebac6 200 - 25.218 ms

2022-04-07 03:54:08:548 [api] PATCH /api/v1/rents/624e97b53a369439506ebac6 200 - 6.220 ms

2022-04-07 03:54:08:548 [api] PATCH /api/v1/rents/624e97b53a369439506ebac6 200 - 4.172 ms

2022-04-07 03:54:08:548 [api] PATCH /api/v1/rents/624e97b53a369439506ebac6 200 - 6.010 ms

2022-04-07 03:54:08:548 [api] PATCH /api/v1/rents/624e97b53a369439506ebac6 200 - 10.467 ms

2022-04-07 03:54:08:548 [api] PATCH /api/v1/rents/624e97b53a369439506ebac6 200 - 10.487 ms

2022-04-07 03:54:08:548 [api] PATCH /api/v1/rents/624e97b53a369439506ebac6 200 - 10.541 ms

2022-04-07 03:54:08:548 [api] PATCH /api/v1/rents/624e97b53a369439506ebac6 200 - 4.016 ms

2022-04-07 03:54:08:548 [api] PATCH /api/v1/rents/624e97b53a369439506ebac6 200 - 4.892 ms

2022-04-07 03:54:09:549 [api] PATCH /api/v1/rents/624e97b53a369439506ebac6 200 - 4.988 ms

2022-04-07 03:54:09:549 [api] PATCH /api/v1/rents/624e97b53a369439506ebac6 200 - 11.256 ms

2022-04-07 03:54:09:549 [api] PATCH /api/v1/rents/624e97b53a369439506ebac6 200 - 10.809 ms

2022-04-07 03:54:09:549 [api] PATCH /api/v1/rents/624e97b53a369439506ebac6 200 - 10.194 ms

2022-04-07 03:54:09:549 [api] PATCH /api/v1/rents/624e97b53a369439506ebac6 200 - 4.747 ms

2022-04-07 03:54:09:549 [api] PATCH /api/v1/rents/624e97b53a369439506ebac6 200 - 13.971 ms

2022-04-07 03:54:09:549 [api] PATCH /api/v1/rents/624e97b53a369439506ebac6 200 - 32.614 ms

2022-04-07 03:54:09:549 [api] PATCH /api/v1/rents/624e97b53a369439506ebac6 200 - 29.008 ms

2022-04-07 03:54:09:549 [api] PATCH /api/v1/rents/624e97b53a369439506ebac6 200 - 31.751 ms

2022-04-07 03:54:09:549 [api] PATCH /api/v1/rents/624e97b53a369439506ebac6 200 - 33.048 ms

2022-04-07 03:54:09:549 [api] PATCH /api/v1/rents/624e97b53a369439506ebac6 200 - 20.619 ms

2022-04-07 03:54:09:549 [api] PATCH /api/v1/rents/624e97b53a369439506ebac6 200 - 18.858 ms

2022-04-07 03:54:09:549 [api] PATCH /api/v1/rents/624e97b53a369439506ebac6 200 - 14.052 ms

2022-04-07 03:54:09:549 [api] PATCH /api/v1/rents/624e97b53a369439506ebac6 200 - 11.751 ms

2022-04-07 03:54:09:549 [api] PATCH /api/v1/rents/624e97b53a369439506ebac6 200 - 14.769 ms

2022-04-07 03:54:09:549 [api] PATCH /api/v1/rents/624e97b53a369439506ebac6 200 - 26.730 ms

2022-04-07 03:54:09:549 [api] PATCH /api/v1/rents/624e97b53a369439506ebac6 200 - 28.334 ms

2022-04-07 03:54:09:549 [api] PATCH /api/v1/rents/624e97b53a369439506ebac6 200 - 32.439 ms

2022-04-07 03:54:09:549 [api] PATCH /api/v1/rents/624e97b53a369439506ebac6 200 - 32.097 ms

2022-04-07 03:54:09:549 [api] PATCH /api/v1/rents/624e97b53a369439506ebac6 200 - 28.035 ms

2022-04-07 03:54:09:549 [api] PATCH /api/v1/rents/624e97b53a369439506ebac6 200 - 28.678 ms

2022-04-07 03:54:09:549 [api] PATCH /api/v1/rents/624e97b53a369439506ebac6 200 - 28.025 ms

2022-04-07 03:54:09:549 [api] PATCH /api/v1/rents/624e97b53a369439506ebac6 200 - 25.490 ms

2022-04-07 03:54:09:549 [api] PATCH /api/v1/rents/624e97b53a369439506ebac6 200 - 26.626 ms

2022-04-07 03:54:09:549 [api] PATCH /api/v1/rents/624e97b53a369439506ebac6 200 - 29.813 ms

2022-04-07 03:54:09:549 [api] PATCH /api/v1/rents/624e97b53a369439506ebac6 200 - 31.299 ms

2022-04-07 03:54:09:549 [api] PATCH /api/v1/rents/624e97b53a369439506ebac6 200 - 32.043 ms

2022-04-07 03:54:09:549 [api] PATCH /api/v1/rents/624e97b53a369439506ebac6 200 - 29.575 ms

2022-04-07 03:54:09:549 [api] PATCH /api/v1/rents/624e97b53a369439506ebac6 200 - 27.871 ms

2022-04-07 03:54:09:549 [api] PATCH /api/v1/rents/624e97b53a369439506ebac6 200 - 37.380 ms

2022-04-07 03:54:09:549 [api] PATCH /api/v1/rents/624e97b53a369439506ebac6 200 - 33.245 ms

2022-04-07 03:54:09:549 [api] PATCH /api/v1/rents/624e97b53a369439506ebac6 200 - 36.470 ms

2022-04-07 03:54:09:549 [api] PATCH /api/v1/rents/624e97b53a369439506ebac6 200 - 37.402 ms

2022-04-07 03:54:09:549 [api] PATCH /api/v1/rents/624e97b53a369439506ebac6 200 - 37.691 ms

2022-04-07 03:54:09:549 [api] PATCH /api/v1/rents/624e97b53a369439506ebac6 200 - 29.893 ms

2022-04-07 03:54:09:549 [api] PATCH /api/v1/rents/624e97b53a369439506ebac6 200 - 23.336 ms

2022-04-07 03:54:09:549 [api] PATCH /api/v1/rents/624e97b53a369439506ebac6 200 - 27.242 ms

2022-04-07 03:54:09:549 [api] PATCH /api/v1/rents/624e97b53a369439506ebac6 200 - 27.994 ms

2022-04-07 03:54:09:549 [api] PATCH /api/v1/rents/624e97b53a369439506ebac6 200 - 28.532 ms

2022-04-07 03:54:09:549 [api] PATCH /api/v1/rents/624e97b53a369439506ebac6 200 - 27.912 ms

2022-04-07 03:54:09:549 [api] PATCH /api/v1/rents/624e97b53a369439506ebac6 200 - 20.374 ms

2022-04-07 03:54:09:549 [api] PATCH /api/v1/rents/624e97b53a369439506ebac6 200 - 23.462 ms

2022-04-07 03:54:09:549 [api] PATCH /api/v1/rents/624e97b53a369439506ebac6 200 - 26.012 ms

2022-04-07 03:54:09:549 [api] PATCH /api/v1/rents/624e97b53a369439506ebac6 200 - 27.389 ms

2022-04-07 03:54:09:549 [api] PATCH /api/v1/rents/624e97b53a369439506ebac6 200 - 20.647 ms

2022-04-07 03:54:09:549 [api] PATCH /api/v1/rents/624e97b53a369439506ebac6 200 - 30.371 ms

2022-04-07 03:54:09:549 [api] PATCH /api/v1/rents/624e97b53a369439506ebac6 200 - 30.237 ms

2022-04-07 03:54:09:549 [api] PATCH /api/v1/rents/624e97b53a369439506ebac6 200 - 25.698 ms

2022-04-07 03:54:09:549 [api] PATCH /api/v1/rents/624e97b53a369439506ebac6 200 - 25.328 ms

2022-04-07 03:54:09:549 [api] PATCH /api/v1/rents/624e97b53a369439506ebac6 200 - 24.171 ms

2022-04-07 03:54:09:549 [api] PATCH /api/v1/rents/624e97b53a369439506ebac6 200 - 20.382 ms

2022-04-07 03:54:09:549 [api] PATCH /api/v1/rents/624e97b53a369439506ebac6 200 - 17.905 ms

2022-04-07 03:54:09:549 [api] PATCH /api/v1/rents/624e97b53a369439506ebac6 200 - 22.687 ms

2022-04-07 03:54:09:549 [api] PATCH /api/v1/rents/624e97b53a369439506ebac6 200 - 27.208 ms

2022-04-07 03:54:09:549 [api] PATCH /api/v1/rents/624e97b53a369439506ebac6 200 - 27.033 ms

2022-04-07 03:54:09:549 [api] PATCH /api/v1/rents/624e97b53a369439506ebac6 200 - 27.509 ms

2022-04-07 03:54:09:549 [api] PATCH /api/v1/rents/624e97b53a369439506ebac6 200 - 23.823 ms

2022-04-07 03:54:09:549 [api] PATCH /api/v1/rents/624e97b53a369439506ebac6 200 - 30.011 ms

2022-04-07 03:54:09:549 [api] PATCH /api/v1/rents/624e97b53a369439506ebac6 200 - 31.633 ms

2022-04-07 03:54:09:549 [api] PATCH /api/v1/rents/624e97b53a369439506ebac6 200 - 23.654 ms

2022-04-07 03:54:09:549 [api] PATCH /api/v1/rents/624e97b53a369439506ebac6 200 - 32.953 ms

2022-04-07 03:54:09:549 [api] PATCH /api/v1/rents/624e97b53a369439506ebac6 200 - 31.552 ms

2022-04-07 03:54:09:549 [api] PATCH /api/v1/rents/624e97b53a369439506ebac6 200 - 29.024 ms

2022-04-07 03:54:09:549 [api] PATCH /api/v1/rents/624e97b53a369439506ebac6 200 - 27.158 ms

2022-04-07 03:54:09:549 [api] PATCH /api/v1/rents/624e97b53a369439506ebac6 200 - 27.807 ms

2022-04-07 03:54:09:549 [api] PATCH /api/v1/rents/624e97b53a369439506ebac6 200 - 24.210 ms

2022-04-07 03:54:09:549 [api] PATCH /api/v1/rents/624e97b53a369439506ebac6 200 - 27.199 ms

2022-04-07 03:54:09:549 [api] PATCH /api/v1/rents/624e97b53a369439506ebac6 200 - 29.235 ms

2022-04-07 03:54:09:549 [api] PATCH /api/v1/rents/624e97b53a369439506ebac6 200 - 28.079 ms

2022-04-07 03:54:09:549 [api] PATCH /api/v1/rents/624e97b53a369439506ebac6 200 - 30.580 ms

2022-04-07 03:54:09:549 [api] PATCH /api/v1/rents/624e97b53a369439506ebac6 200 - 32.987 ms

2022-04-07 03:54:09:549 [api] PATCH /api/v1/rents/624e97b53a369439506ebac6 200 - 28.896 ms

2022-04-07 03:54:09:549 [api] PATCH /api/v1/rents/624e97b53a369439506ebac6 200 - 23.759 ms

2022-04-07 03:54:09:549 [api] PATCH /api/v1/rents/624e97b53a369439506ebac6 200 - 26.774 ms

2022-04-07 03:54:09:549 [api] PATCH /api/v1/rents/624e97b53a369439506ebac6 200 - 29.110 ms

2022-04-07 03:54:09:549 [api] PATCH /api/v1/rents/624e97b53a369439506ebac6 200 - 27.830 ms

2022-04-07 03:54:09:549 [api] PATCH /api/v1/rents/624e97b53a369439506ebac6 200 - 27.501 ms

2022-04-07 03:54:09:549 [api] PATCH /api/v1/rents/624e97b53a369439506ebac6 200 - 23.999 ms

2022-04-07 03:54:09:549 [api] PATCH /api/v1/rents/624e97b53a369439506ebac6 200 - 24.967 ms

2022-04-07 03:54:09:549 [api] PATCH /api/v1/rents/624e97b53a369439506ebac6 200 - 28.270 ms

2022-04-07 03:54:09:549 [api] PATCH /api/v1/rents/624e97b53a369439506ebac6 200 - 29.403 ms

2022-04-07 03:54:09:549 [api] PATCH /api/v1/rents/624e97b53a369439506ebac6 200 - 28.562 ms

2022-04-07 03:54:09:549 [api] PATCH /api/v1/rents/624e97b53a369439506ebac6 200 - 23.232 ms

2022-04-07 03:54:09:549 [api] PATCH /api/v1/rents/624e97b53a369439506ebac6 200 - 25.011 ms

2022-04-07 03:54:09:549 [api] PATCH /api/v1/rents/624e97b53a369439506ebac6 200 - 19.688 ms

2022-04-07 03:59:13:5913 [api] POST /api/v1/rents 201 - 9.998 ms

2022-04-07 03:59:13:5913 [api] POST /api/v1/rents 201 - 5.958 ms

